 input--temperature         marshall islands temperature (mean)                         
 input--      50.0    -60.70 (gives the stability of jordan for 50-100 mb)              
 input--      75.0    -69.76                                                            
 input--     100.0    -73.97 (interpolated)                                             
 input--     125.0    -73.03                                                            
 input--     150.0    -68.52 (interpolated)                                             
 input--     175.0    -62.00                                                            
 input--     225.0    -49.19                                                            
 input--     275.0    -38.03                                                            
 input--     325.0    -28.87                                                            
 input--     375.0    -21.07                                                            
 input--     425.0    -14.58                                                            
 input--     475.0     -9.13                                                            
 input--     525.0     -4.41                                                            
 input--     575.0     -0.26                                                            
 input--     625.0      3.57                                                            
 input--     675.0      7.13                                                            
 input--     725.0     10.31                                                            
 input--     775.0     13.12                                                            
 input--     825.0     15.63                                                            
 input--     875.0     18.26                                                            
 input--     925.0     21.18                                                            
 input--     975.0     24.38                                                            
 input--    1000.0     26.08 (extrapolated)                                             
 input--    1010.0     26.78 (extrapolated)                                             
 input--source:  computer output from yanai (via wayne schubert)                        
 temperatures are assumed to be in celsius
 input-- units:  p  in  mb,  t  in  celsius                                             
 input--nsolve            32                                                            
0cpu time:   0.001 seconds for numerical solution of  n = 32  vertical structure problem
 (stability fit:  polynomial of degree  23 using  46 gauss points)
 input--output pressures                              50.0                              
 input--stability fit                                                                   
1 

0test of stability profile fit

0basic state:  marshall islands temperature (mean)                         

0description:  chebyshev least-squares fit to  1/gamma  using
               polynomial of degree  23 with  46 gauss points

               temperature             error                gamma
      p     spline  chebyshev   absolute   relative   spline  chebyshev

     50.0    -60.70   -60.63     0.07493   3.53E-04    83.163   88.246
    100.0    -73.97   -73.42     0.54567   2.74E-03    62.993   63.871
    150.0    -68.52   -68.51     0.01442   7.05E-05    23.545   21.918
    200.0    -55.41   -55.42    -0.01636  -7.51E-05    11.002   10.669
    250.0    -43.37   -43.37    -0.00102  -4.46E-06     9.723   10.024
    300.0    -33.23   -33.22     0.01645   6.85E-05    13.944   13.473
    350.0    -24.81   -24.82    -0.00381  -1.53E-05    16.301   16.860
    400.0    -17.67   -17.66     0.01013   3.96E-05    21.256   20.636
    450.0    -11.75   -11.73     0.01469   5.62E-05    25.815   26.427
    500.0     -6.69    -6.71    -0.01942  -7.29E-05    29.009   28.699
    550.0     -2.28    -2.25     0.02871   1.06E-04    31.952   31.826
    600.0      1.69     1.68    -0.01105  -4.02E-05    32.634   33.067
    650.0      5.39     5.40     0.00478   1.72E-05    33.250   32.763
    700.0      8.77     8.78     0.00847   3.00E-05    36.128   36.610
    750.0     11.76    11.75    -0.01096  -3.85E-05    39.263   38.931
    800.0     14.39    14.41     0.01873   6.51E-05    42.461   42.651
    850.0     16.91    16.90    -0.01127  -3.89E-05    38.296   38.093
    900.0     19.68    19.69     0.00494   1.69E-05    31.132   31.455
    950.0     22.75    22.75     0.00090   3.03E-06    23.783   23.591
   1000.0     26.08    26.08     0.00042   1.40E-06    16.143   16.131
   1010.0     26.78    26.78     0.00000   0.00E+00    14.441   14.365
0          rms absolute error:   0.12081
           max absolute error:   0.54567
 input--solution                              16                                        
1 

0solution of the vertical structure problem                  

0basic state:  marshall islands temperature (mean)                         


                       values of the vertical structure functions

0     p     k= 0   k= 1   k= 2   k= 3   k= 4   k= 5   k= 6   k= 7   k= 8   k= 9   k=10   k=11   k=12   k=13   k=14   k=15   k=16

     50.0  -1.146 -5.135  3.251 -5.174 -3.592  4.472  4.222  4.535  5.276 -6.287 -6.316 -4.289 -3.238 -2.523 -2.082  1.802 -1.620
    100.0  -1.093 -2.064 -0.880  3.443  0.914  1.879  2.849  1.185 -1.508  2.374  1.332 -0.109 -0.694 -0.889 -0.892  0.843 -0.794
    150.0  -1.055 -0.480 -1.604  0.522 -1.787  0.633 -1.823 -0.531  2.015 -0.930  1.836  2.101  1.064 -0.188 -0.942  1.267 -1.369
    200.0  -1.044 -0.183 -1.454 -0.330 -1.168 -0.767 -0.804  1.188  0.472  1.279  0.218 -1.396 -1.148  0.299  1.508 -2.018  1.932
    250.0  -1.038 -0.060 -1.292 -0.627 -0.584 -1.055  0.151  1.048 -0.824  0.658 -1.218 -0.523  1.083  1.421  0.331  0.935 -1.571
    300.0  -1.032  0.036 -1.101 -0.784 -0.011 -0.953  0.835  0.320 -1.207 -0.498 -0.897  1.030  1.004 -0.818 -1.660  0.817  0.659
    350.0  -1.025  0.127 -0.866 -0.853  0.534 -0.583  1.154 -0.526 -0.658 -1.196  0.437  1.186 -0.686 -1.251  0.477 -1.634  0.779
    400.0  -1.018  0.207 -0.617 -0.829  0.940 -0.097  1.009 -1.072  0.227 -0.837  1.152 -0.296 -1.335  0.613  1.323  0.450 -1.568
    450.0  -1.010  0.283 -0.341 -0.727  1.184  0.412  0.497 -1.067  0.976  0.225  0.746 -1.328  0.170  1.361 -0.771  1.303  0.799
    500.0  -1.001  0.351 -0.068 -0.565  1.225  0.795 -0.160 -0.572  1.108  1.039 -0.366 -0.749  1.386 -0.317 -1.145 -1.137  0.891
    550.0  -0.992  0.406  0.177 -0.374  1.090  0.963 -0.699  0.093  0.582  1.070 -1.071  0.537  0.562 -1.438  0.716 -0.725 -1.521
    600.0  -0.983  0.452  0.395 -0.175  0.823  0.930 -0.991  0.693 -0.152  0.398 -0.841  1.293 -0.775 -0.195  1.294  1.115  0.055
    650.0  -0.975  0.486  0.567  0.006  0.510  0.747 -1.008  0.956 -0.751 -0.376 -0.127  0.762 -1.250  1.039 -0.375  0.813  1.288
    700.0  -0.967  0.513  0.708  0.168  0.174  0.468 -0.798  0.936 -0.975 -0.905  0.650 -0.239 -0.377  1.021 -1.279 -1.010 -0.107
    750.0  -0.959  0.533  0.827  0.314 -0.162  0.135 -0.436  0.649 -0.842 -0.989  0.991 -1.065  0.763 -0.198 -0.435 -1.066 -1.301
    800.0  -0.951  0.548  0.919  0.436 -0.463 -0.197 -0.012  0.205 -0.433 -0.623  0.763 -1.124  1.157 -1.169  0.924  0.598 -0.055
    850.0  -0.943  0.558  0.984  0.525 -0.699 -0.472  0.376 -0.231  0.090 -0.056  0.207 -0.438  0.684 -0.874  1.152  1.238  1.264
    900.0  -0.937  0.562  1.018  0.575 -0.833 -0.634  0.616 -0.522  0.456  0.391 -0.302  0.274 -0.108 -0.012  0.244  0.389  0.630
    950.0  -0.932  0.563  1.032  0.596 -0.894 -0.711  0.731 -0.668  0.643  0.633 -0.592  0.700 -0.647  0.635 -0.597 -0.581 -0.464
   1000.0  -0.929  0.562  1.033  0.601 -0.909 -0.731  0.762 -0.711  0.693  0.705 -0.686  0.820 -0.834  0.837 -0.913 -0.926 -0.928
   1010.0  -0.929  0.561  1.033  0.601 -0.909 -0.731  0.762 -0.712  0.693  0.706 -0.688  0.821 -0.839  0.839 -0.921 -0.931 -0.940
0  c(k) = 296.656 77.218 46.662 31.065 23.360 18.913 15.719 13.534 11.669 10.312  9.197  8.144  7.220  6.397  5.722  5.156  4.678
0(phase speeds  c  in meters per second, spectral truncation  n =  32)
 input--function            marshall islands  q1  (mean)                                
 input--      50.0      0.00 (assumed)                                                  
 input--      75.0      0.73 (linear interpolation)                                     
 input--     100.0      1.46 (linear interpolation)                                     
 input--     125.0      2.19                                                            
 input--     150.0      2.64                                                            
 input--     175.0      2.79                                                            
 input--     200.0      2.54                                                            
 input--     225.0      2.42                                                            
 input--     250.0      2.87                                                            
 input--     275.0      3.55                                                            
 input--     300.0      4.30                                                            
 input--     350.0      5.37                                                            
 input--     400.0      6.01                                                            
 input--     450.0      6.40                                                            
 input--     500.0      6.41                                                            
 input--     550.0      6.18                                                            
 input--     600.0      5.59                                                            
 input--     650.0      4.74                                                            
 input--     700.0      4.06                                                            
 input--     750.0      3.74                                                            
 input--     800.0      3.33                                                            
 input--     850.0      2.65                                                            
 input--     900.0      1.79                                                            
 input--     950.0      0.91                                                            
 input--    1000.0      0.15 (linear interpolation)                                     
 input--    1010.0      0.00 (assumed)                                                  
 input--source:  yanai, chu and stark, 1976, jas, 33, 976-991                           
 input-- units:  kj/kg/day -- same as  deg/day                                          
 input--integrate      kappa                                                            
0********** function values multiplied by 2.85900E-01 **********
0cpu time:   0.000 seconds for projection of integral  (n = 32)
 (projection inner product:  chebyshev   with 116 points)
 input--physical           2                                                            
1 

0physical space profiles

0basic state:  marshall islands temperature (mean)                         

0function:                                                           marsha
               (integrated with respect to  -log(p) )
0 

                     basic  state               -d/dlogp of function

      p         t      gamma      sigma       cubic spline    projection

     50.0    -60.70    88.25    1.013E+01      0.0000E+00     0.0000E+00
    100.0    -73.97    63.87    1.833E+00      1.4668E+00     1.4647E+00
    150.0    -68.52    21.92    2.796E-01      2.6528E+00     2.6507E+00
    200.0    -55.41    10.67    7.655E-02      2.5442E+00     2.5390E+00
    250.0    -43.37    10.02    4.603E-02      2.8550E+00     2.8510E+00
    300.0    -33.23    13.47    4.297E-02      4.2861E+00     4.2871E+00
    350.0    -24.81    16.86    3.950E-02      5.3766E+00     5.3809E+00
    400.0    -17.67    20.64    3.702E-02      6.0173E+00     6.0100E+00
    450.0    -11.75    26.43    3.745E-02      6.3880E+00     6.3931E+00
    500.0     -6.69    28.70    3.295E-02      6.4221E+00     6.4199E+00
    550.0     -2.28    31.83    3.020E-02      6.1730E+00     6.1709E+00
    600.0      1.69    33.07    2.636E-02      5.5880E+00     5.5960E+00
    650.0      5.39    32.76    2.226E-02      4.7407E+00     4.7317E+00
    700.0      8.77    36.61    2.144E-02      4.0727E+00     4.0746E+00
    750.0     11.76    38.93    1.986E-02      3.7293E+00     3.7303E+00
    800.0     14.39    42.65    1.913E-02      3.3302E+00     3.3274E+00
    850.0     16.91    38.09    1.513E-02      2.6505E+00     2.6560E+00
    900.0     19.68    31.46    1.115E-02      1.7879E+00     1.7949E+00
    950.0     22.75    23.59    7.502E-03      9.1591E-01     9.2596E-01
   1000.0     26.08    16.13    4.630E-03      1.4855E-01     1.2266E-01
   1010.0     26.78    14.37    4.042E-03      0.0000E+00    -2.4540E-06
0                                      rms projection error:  7.4618E-03
                                       max projection error:  2.5898E-02
0(t  in celsius,  gamma  in kelvin, spectral truncation  n =  32)
 input--spectral                                                                        
1 

0spectral space profiles

0basic state:  marshall islands temperature (mean)                         

0function:                                                           marsha
               (integrated with respect to  -log(p) )

0                                 perturbation energy  forcing  efficiency
   k      c(k)        fhat(k)         value   percent      value   percent

   0    296.656    -9.66924E-01     1.062E-05   5.19    -1.099E-05   0.95
   1     77.218    -5.62228E-01     5.301E-05  25.88    -9.429E-05   8.14
   2     46.662    -5.41260E-01     1.346E-04  65.69    -2.486E-04  21.47
   3     31.065    -5.46360E-02     3.093E-06   1.51    -5.662E-05   4.89
   4     23.360    -3.11065E-02     1.773E-06   0.87    -5.700E-05   4.92
   5     18.913    -1.05879E-02     3.134E-07   0.15    -2.960E-05   2.56
   6     15.719    -1.06791E-02     4.616E-07   0.23    -4.322E-05   3.73
   7     13.534     8.58353E-03     4.022E-07   0.20     4.686E-05   4.05
   8     11.669    -2.01405E-03     2.979E-08   0.01    -1.479E-05   1.28
   9     10.312    -1.29777E-03     1.584E-08   0.01    -1.221E-05   1.05
  10      9.197     9.39287E-04     1.043E-08   0.01     1.110E-05   0.96
  11      8.144    -8.80274E-04     1.168E-08   0.01    -1.327E-05   1.15
  12      7.220     3.54012E-03     2.404E-07   0.12     6.790E-05   5.86
  13      6.397    -2.33123E-03     1.328E-07   0.06    -5.696E-05   4.92
  14      5.722     2.02276E-04     1.250E-09   0.00     6.179E-06   0.53
  15      5.156     1.05474E-03     4.184E-08   0.02     3.967E-05   3.43
  16      4.678     4.70004E-04     1.009E-08   0.00     2.147E-05   1.85
  17      4.265     6.66601E-04     2.442E-08   0.01     3.664E-05   3.16
  18      3.918    -2.50550E-04     4.090E-09   0.00    -1.632E-05   1.41
  19      3.613    -1.75611E-04     2.363E-09   0.00    -1.345E-05   1.16
  20      3.344     7.89648E-04     5.575E-08   0.03     7.060E-05   6.10
  21      3.127    -7.72308E-05     6.099E-10   0.00    -7.897E-06   0.68
  22      2.947     1.35445E-04     2.112E-09   0.00     1.559E-05   1.35
  23      2.736     1.14822E-04     1.761E-09   0.00     1.534E-05   1.32
  24      2.481    -3.25592E-06     1.722E-12   0.00    -5.289E-07   0.05
  25      2.207    -7.45989E-05     1.143E-09   0.00    -1.532E-05   1.32
  26      1.888    -1.22202E-04     4.190E-09   0.00    -3.429E-05   2.96
  27      1.542     3.40086E-05     4.865E-10   0.00     1.431E-05   1.24
  28      1.207    -1.56668E-05     1.684E-10   0.00    -1.075E-05   0.93
  29      0.910    -5.88364E-06     4.179E-11   0.00    -7.103E-06   0.61
  30      0.652     1.07370E-05     2.716E-10   0.00     2.530E-05   2.18
  31      0.428    -2.17946E-06     2.590E-11   0.00    -1.189E-05   1.03
  32      0.234     1.75822E-06     5.634E-11   0.00     3.204E-05   2.77
0                         totals:   2.048E-04            1.158E-03
0perturbation energy = fhat(k)**2/c(k)**2
 forcing  efficiency = fhat(k)   /c(k)**2
0(phase speeds  c  in meters per second, spectral truncation  n =  32)
 input--function            marshall islands  z  (mean)                                 
 input--      50.0      0.00 (assumed)                                                  
 input--     100.0      9.00 (interpolated)                                             
 input--     125.0      9.69                                                            
 input--     175.0      8.21                                                            
 input--     225.0      5.21                                                            
 input--     275.0      3.29                                                            
 input--     325.0      1.98                                                            
 input--     375.0      2.01                                                            
 input--     425.0      2.34                                                            
 input--     475.0      3.92                                                            
 input--     525.0      3.60                                                            
 input--     575.0      1.60                                                            
 input--     625.0      0.32                                                            
 input--     675.0      2.03                                                            
 input--     725.0      4.74                                                            
 input--     775.0      4.48                                                            
 input--     825.0      2.28                                                            
 input--     875.0     -0.06                                                            
 input--     925.0     -3.69                                                            
 input--     975.0     -6.35                                                            
 input--    1010.0     -7.00 (extrapolated)                                             
 input--source:  yanai (personal communication, march 1984)                             
 input-- units:  10**(-11) sec**(-2)                                                    
 input--project                                                                         
0cpu time:   0.000 seconds for projection of function  (n = 32)
 (projection inner product:  chebyshev   with 106 points)
 input--physical                                                                        
1 

0physical space profiles

0basic state:  marshall islands temperature (mean)                         

0function:                                                           marsha
0 

                     basic  state                 values of function

      p         t      gamma      sigma       cubic spline    projection

     50.0    -60.70    88.25    1.013E+01      0.0000E+00     1.0746E-02
    100.0    -73.97    63.87    1.833E+00      9.0000E+00     8.9825E+00
    150.0    -68.52    21.92    2.796E-01      9.1255E+00     9.1203E+00
    200.0    -55.41    10.67    7.655E-02      6.7410E+00     6.7380E+00
    250.0    -43.37    10.02    4.603E-02      4.1154E+00     4.1061E+00
    300.0    -33.23    13.47    4.297E-02      2.5085E+00     2.5068E+00
    350.0    -24.81    16.86    3.950E-02      1.9045E+00     1.9170E+00
    400.0    -17.67    20.64    3.702E-02      2.0486E+00     2.0365E+00
    450.0    -11.75    26.43    3.745E-02      3.1447E+00     3.1413E+00
    500.0     -6.69    28.70    3.295E-02      4.0713E+00     4.0856E+00
    550.0     -2.28    31.83    3.020E-02      2.6826E+00     2.6792E+00
    600.0      1.69    33.07    2.636E-02      6.7813E-01     6.8010E-01
    650.0      5.39    32.76    2.226E-02      8.2859E-01     8.1186E-01
    700.0      8.77    36.61    2.144E-02      3.5563E+00     3.5622E+00
    750.0     11.76    38.93    1.986E-02      5.0101E+00     5.0264E+00
    800.0     14.39    42.65    1.913E-02      3.4496E+00     3.4395E+00
    850.0     16.91    38.09    1.513E-02      1.2116E+00     1.2041E+00
    900.0     19.68    31.46    1.115E-02     -1.8148E+00    -1.8124E+00
    950.0     22.75    23.59    7.502E-03     -5.2425E+00    -5.2415E+00
   1000.0     26.08    16.13    4.630E-03     -6.9439E+00    -6.9429E+00
   1010.0     26.78    14.37    4.042E-03     -7.0000E+00    -7.0032E+00
0                                      rms projection error:  9.3610E-03
                                       max projection error:  1.7481E-02
0(t  in celsius,  gamma  in kelvin, spectral truncation  n =  32)
 input--spectral                                                                        
1 

0spectral space profiles

0basic state:  marshall islands temperature (mean)                         

0function:                                                           marsha

0                                 perturbation energy  forcing  efficiency
   k      c(k)        fhat(k)         value   percent      value   percent

   0    296.656    -2.61651E+00     6.846E+00  34.42    -2.617E+00  17.35
   1     77.218    -1.04612E+00     1.094E+00   5.50    -1.046E+00   6.94
   2     46.662    -2.20831E+00     4.877E+00  24.52    -2.208E+00  14.64
   3     31.065     5.53030E-01     3.058E-01   1.54     5.530E-01   3.67
   4     23.360     1.37684E-01     1.896E-02   0.10     1.377E-01   0.91
   5     18.913     1.09620E+00     1.202E+00   6.04     1.096E+00   7.27
   6     15.719    -1.08854E+00     1.185E+00   5.96    -1.089E+00   7.22
   7     13.534     6.05963E-01     3.672E-01   1.85     6.060E-01   4.02
   8     11.669    -2.98348E-01     8.901E-02   0.45    -2.983E-01   1.98
   9     10.312    -5.16760E-01     2.670E-01   1.34    -5.168E-01   3.43
  10      9.197     9.30614E-01     8.660E-01   4.35     9.306E-01   6.17
  11      8.144    -1.20553E+00     1.453E+00   7.31    -1.206E+00   7.99
  12      7.220     8.98427E-01     8.072E-01   4.06     8.984E-01   5.96
  13      6.397    -5.67116E-01     3.216E-01   1.62    -5.671E-01   3.76
  14      5.722     1.32994E-01     1.769E-02   0.09     1.330E-01   0.88
  15      5.156    -2.44403E-02     5.973E-04   0.00    -2.444E-02   0.16
  16      4.678     8.61810E-02     7.427E-03   0.04     8.618E-02   0.57
  17      4.265     1.75243E-01     3.071E-02   0.15     1.752E-01   1.16
  18      3.918     1.99042E-01     3.962E-02   0.20     1.990E-01   1.32
  19      3.613    -1.72203E-01     2.965E-02   0.15    -1.722E-01   1.14
  20      3.344     1.97196E-01     3.889E-02   0.20     1.972E-01   1.31
  21      3.127    -1.26243E-01     1.594E-02   0.08    -1.262E-01   0.84
  22      2.947     5.18824E-02     2.692E-03   0.01     5.188E-02   0.34
  23      2.736    -5.98403E-02     3.581E-03   0.02    -5.984E-02   0.40
  24      2.481     3.22828E-02     1.042E-03   0.01     3.228E-02   0.21
  25      2.207    -1.40039E-02     1.961E-04   0.00    -1.400E-02   0.09
  26      1.888    -5.00430E-03     2.504E-05   0.00    -5.004E-03   0.03
  27      1.542     1.27133E-02     1.616E-04   0.00     1.271E-02   0.08
  28      1.207    -1.43386E-02     2.056E-04   0.00    -1.434E-02   0.10
  29      0.910    -3.77692E-03     1.427E-05   0.00    -3.777E-03   0.03
  30      0.652     3.68007E-03     1.354E-05   0.00     3.680E-03   0.02
  31      0.428    -4.02781E-04     1.622E-07   0.00    -4.028E-04   0.00
  32      0.234     4.55840E-04     2.078E-07   0.00     4.558E-04   0.00
0                         totals:   1.989E+01            1.508E+01
0perturbation energy = fhat(k)**2 
 forcing  efficiency = fhat(k)    
0(phase speeds  c  in meters per second, spectral truncation  n =  32)
 input--temperature         gate temperature (phase three mean)                         
 input--      50.0     -62.2 (extrapolated)                                             
 input--      70.0     -70.5 (extrapolated)                                             
 input--      92.6     -74.9                                                            
 input--     111.3     -75.6                                                            
 input--     133.6     -72.6                                                            
 input--     159.9     -66.6                                                            
 input--     190.8     -58.4                                                            
 input--     227.0     -49.2                                                            
 input--     268.8     -39.6                                                            
 input--     316.7     -30.3                                                            
 input--     370.8     -21.8                                                            
 input--     430.7     -14.2                                                            
 input--     495.7      -7.7                                                            
 input--     564.5      -2.2                                                            
 input--     635.0       2.9                                                            
 input--     705.2       7.9                                                            
 input--     772.8      12.1                                                            
 input--     836.1      15.3                                                            
 input--     893.8      18.1                                                            
 input--     945.5      21.0                                                            
 input--     991.2      24.0                                                            
 input--    1000.0      24.6 (extrapolated)                                             
 input--    1010.0      25.3 (extrapolated)                                             
 input--source:  yanai (personal communication, march 1984)                             
 temperatures are assumed to be in celsius
 input-- units:  p  in  mb,  t  in  celsius                                             
 input--nsolve            32                                                            
0cpu time:   0.001 seconds for numerical solution of  n = 32  vertical structure problem
 (stability fit:  polynomial of degree  22 using  44 gauss points)
 input--output pressures                              50.0                              
 input--stability fit                                                                   
1 

0test of stability profile fit

0basic state:  gate temperature (phase three mean)                         

0description:  chebyshev least-squares fit to  1/gamma  using
               polynomial of degree  22 with  44 gauss points

               temperature             error                gamma
      p     spline  chebyshev   absolute   relative   spline  chebyshev

     50.0    -62.20   -62.22    -0.02186  -1.04E-04    87.584   88.154
    100.0    -75.52   -75.46     0.05950   3.01E-04    62.141   61.034
    150.0    -69.03   -69.07    -0.03282  -1.61E-04    22.839   21.828
    200.0    -55.98   -56.00    -0.02027  -9.33E-05    10.168   10.080
    250.0    -43.76   -43.76     0.00546   2.38E-05     8.407    8.638
    300.0    -33.33   -33.33     0.00691   2.88E-05    12.115   11.904
    350.0    -24.85   -24.85     0.00506   2.04E-05    17.540   17.796
    400.0    -17.88   -17.89    -0.00991  -3.88E-05    22.145   21.916
    450.0    -12.10   -12.08     0.02330   8.92E-05    27.452   27.486
    500.0     -7.32    -7.34    -0.01787  -6.72E-05    32.509   32.796
    550.0     -3.29    -3.28     0.00620   2.30E-05    35.443   34.946
    600.0      0.39     0.39     0.00807   2.95E-05    35.039   35.390
    650.0      3.98     3.98    -0.00622  -2.24E-05    32.174   32.175
    700.0      7.54     7.55     0.00719   2.56E-05    32.069   31.891
    750.0     10.78    10.78    -0.00329  -1.16E-05    36.022   36.474
    800.0     13.54    13.54     0.00263   9.17E-06    41.451   40.898
    850.0     15.96    15.96     0.00036   1.25E-06    42.286   42.805
    900.0     18.42    18.42     0.00165   5.65E-06    36.326   36.051
    950.0     21.28    21.28    -0.00090  -3.07E-06    24.538   24.602
   1000.0     24.60    24.60    -0.00005  -1.64E-07    16.369   16.348
   1010.0     25.30    25.30     0.00000   0.00E+00    13.056   13.066
0          rms absolute error:   0.01797
           max absolute error:   0.05950
 input--solution                              16                                        
1 

0solution of the vertical structure problem                  

0basic state:  gate temperature (phase three mean)                         


                       values of the vertical structure functions

0     p     k= 0   k= 1   k= 2   k= 3   k= 4   k= 5   k= 6   k= 7   k= 8   k= 9   k=10   k=11   k=12   k=13   k=14   k=15   k=16

     50.0  -1.143  5.150  3.298  5.258  3.863 -4.715  4.375  4.637  5.595 -6.131 -5.858 -4.084 -3.040 -2.425 -2.053  1.786 -1.593
    100.0  -1.090  2.001 -0.817 -3.450 -0.835 -1.852  2.783  1.180 -1.653  2.419  1.311 -0.162 -0.734 -0.902 -0.924  0.876 -0.810
    150.0  -1.056  0.511 -1.546 -0.621  1.716 -0.683 -1.799 -0.708  1.969 -0.905  1.793  2.200  1.115 -0.051 -0.869  1.264 -1.361
    200.0  -1.045  0.204 -1.426  0.302  1.122  0.730 -0.841  1.062  0.614  1.248  0.365 -1.371 -1.195  0.100  1.395 -2.009  1.935
    250.0  -1.040  0.089 -1.294  0.602  0.602  1.014  0.033  1.061 -0.633  0.724 -1.073 -0.696  0.856  1.423  0.602  0.678 -1.441
    300.0  -1.034  0.003 -1.140  0.759  0.107  0.950  0.675  0.515 -1.144 -0.309 -1.041  0.801  1.140 -0.352 -1.586  1.193  0.183
    350.0  -1.028 -0.089 -0.923  0.847 -0.442  0.617  1.095 -0.315 -0.844 -1.151  0.159  1.378 -0.353 -1.419 -0.052 -1.533  1.222
    400.0  -1.020 -0.181 -0.661  0.844 -0.915  0.111  1.071 -1.020  0.004 -1.006  1.115  0.004 -1.420  0.173  1.490 -0.015 -1.548
    450.0  -1.011 -0.266 -0.382  0.755 -1.200 -0.403  0.638 -1.163  0.825  0.010  0.923 -1.267 -0.108  1.449 -0.418  1.485  0.477
    500.0  -1.001 -0.345 -0.088  0.588 -1.266 -0.808 -0.039 -0.715  1.109  0.993 -0.231 -0.891  1.393 -0.034 -1.329 -0.992  1.099
    550.0  -0.991 -0.413  0.185  0.380 -1.118 -0.986 -0.654  0.011  0.660  1.154 -1.114  0.463  0.677 -1.481  0.569 -0.827 -1.542
    600.0  -0.982 -0.466  0.416  0.168 -0.826 -0.932 -0.983  0.667 -0.057  0.498 -0.911  1.276 -0.751 -0.278  1.348  1.144  0.118
    650.0  -0.973 -0.505  0.593 -0.016 -0.493 -0.727 -1.015  0.965 -0.657 -0.321 -0.166  0.753 -1.271  1.009 -0.309  0.798  1.279
    700.0  -0.966 -0.531  0.719 -0.161 -0.180 -0.463 -0.827  0.963 -0.884 -0.838  0.581 -0.142 -0.469  1.062 -1.207 -0.921 -0.081
    750.0  -0.959 -0.551  0.823 -0.289  0.129 -0.155 -0.498  0.711 -0.807 -0.971  0.951 -0.926  0.639 -0.039 -0.559 -1.108 -1.284
    800.0  -0.951 -0.566  0.908 -0.402  0.426  0.172 -0.076  0.281 -0.474 -0.692  0.818 -1.118  1.194 -1.131  0.757  0.397 -0.251
    850.0  -0.943 -0.577  0.973 -0.493  0.677  0.467  0.349 -0.192  0.017 -0.142  0.304 -0.546  0.840 -1.010  1.182  1.232  1.244
    900.0  -0.936 -0.582  1.011 -0.549  0.840  0.667  0.653 -0.557  0.422  0.370 -0.271  0.216 -0.047 -0.081  0.313  0.456  0.717
    950.0  -0.931 -0.583  1.026 -0.574  0.913  0.759  0.797 -0.737  0.627  0.645 -0.601  0.676 -0.666  0.643 -0.558 -0.548 -0.451
   1000.0  -0.927 -0.582  1.027 -0.578  0.930  0.780  0.831 -0.784  0.675  0.716 -0.695  0.790 -0.857  0.842 -0.850 -0.863 -0.894
   1010.0  -0.927 -0.582  1.027 -0.578  0.930  0.781  0.831 -0.785  0.676  0.717 -0.697  0.792 -0.862  0.845 -0.857 -0.868 -0.905
0  c(k) = 296.172 75.802 47.019 30.555 22.921 18.879 15.582 13.549 11.664 10.314  9.214  8.139  7.221  6.408  5.728  5.160  4.682
0(phase speeds  c  in meters per second, spectral truncation  n =  32)
 input--function            gate  q1  (phase three mean)                                
 input--      50.0      0.00 (assumed)                                                  
 input--      92.6      0.10                                                            
 input--     111.3      0.10                                                            
 input--     133.6     -0.23                                                            
 input--     159.9     -0.68                                                            
 input--     190.8     -0.87                                                            
 input--     227.0     -0.22                                                            
 input--     268.8      0.93                                                            
 input--     316.7      2.27                                                            
 input--     370.8      2.93                                                            
 input--     430.7      3.01                                                            
 input--     495.7      3.48                                                            
 input--     564.5      4.15                                                            
 input--     635.0      4.02                                                            
 input--     705.2      3.66                                                            
 input--     772.8      3.60                                                            
 input--     836.1      3.48                                                            
 input--     893.8      2.71                                                            
 input--     945.5      1.32                                                            
 input--     991.2      0.18                                                            
 input--    1010.0      0.00 (assumed)                                                  
 input--source:  yanai (personal communication, march 1984)                             
 input-- units:  kj/kg/day -- same as  deg/day                                          
 input--integrate      kappa                                                            
0********** function values multiplied by 2.85900E-01 **********
0cpu time:   0.001 seconds for projection of integral  (n = 32)
 (projection inner product:  chebyshev   with 106 points)
 input--physical           2                                                            
1 

0physical space profiles

0basic state:  gate temperature (phase three mean)                         

0function:                                                           gate  
               (integrated with respect to  -log(p) )
0 

                     basic  state               -d/dlogp of function

      p         t      gamma      sigma       cubic spline    projection

     50.0    -62.20    88.15    1.012E+01      0.0000E+00     0.0000E+00
    100.0    -75.52    61.03    1.752E+00      1.3077E-01     1.2147E-01
    150.0    -69.03    21.83    2.784E-01     -5.2603E-01    -5.3298E-01
    200.0    -55.98    10.08    7.232E-02     -7.5838E-01    -7.6921E-01
    250.0    -43.76     8.64    3.967E-02      3.9463E-01     3.9673E-01
    300.0    -33.33    11.90    3.796E-02      1.8388E+00     1.8393E+00
    350.0    -24.85    17.80    4.169E-02      2.8025E+00     2.7926E+00
    400.0    -17.88    21.92    3.931E-02      2.9764E+00     2.9819E+00
    450.0    -12.10    27.49    3.896E-02      3.0932E+00     3.0932E+00
    500.0     -7.32    32.80    3.765E-02      3.5444E+00     3.5374E+00
    550.0     -3.29    34.95    3.316E-02      4.0325E+00     4.0385E+00
    600.0      0.39    35.39    2.821E-02      4.1809E+00     4.1767E+00
    650.0      3.98    32.18    2.186E-02      3.9330E+00     3.9411E+00
    700.0      7.54    31.89    1.868E-02      3.6818E+00     3.6808E+00
    750.0     10.78    36.47    1.861E-02      3.5918E+00     3.5904E+00
    800.0     13.54    40.90    1.834E-02      3.5995E+00     3.6052E+00
    850.0     15.96    42.80    1.700E-02      3.3758E+00     3.3710E+00
    900.0     18.42    36.05    1.277E-02      2.5595E+00     2.5521E+00
    950.0     21.28    24.60    7.824E-03      1.1782E+00     1.1717E+00
   1000.0     24.60    16.35    4.692E-03      6.3089E-02     8.2764E-02
   1010.0     25.30    13.07    3.676E-03      4.7877E-17     1.7629E-06
0                                      rms projection error:  7.2194E-03
                                       max projection error:  1.9674E-02
0(t  in celsius,  gamma  in kelvin, spectral truncation  n =  32)
 input--spectral                                                                        
1 

0spectral space profiles

0basic state:  gate temperature (phase three mean)                         

0function:                                                           gate  
               (integrated with respect to  -log(p) )

0                                 perturbation energy  forcing  efficiency
   k      c(k)        fhat(k)         value   percent      value   percent

   0    296.172    -6.14033E-01     4.298E-06   5.81    -7.000E-06   0.52
   1     75.802     1.99181E-01     6.904E-06   9.33     3.466E-05   2.57
   2     47.019    -3.10525E-01     4.362E-05  58.92    -1.405E-04  10.43
   3     30.555     9.47202E-02     9.610E-06  12.98     1.015E-04   7.53
   4     22.921    -4.29495E-02     3.511E-06   4.74    -8.175E-05   6.07
   5     18.879    -1.11626E-03     3.496E-09   0.00    -3.132E-06   0.23
   6     15.582    -9.04481E-03     3.369E-07   0.46    -3.725E-05   2.77
   7     13.549     2.22134E-02     2.688E-06   3.63     1.210E-04   8.98
   8     11.664    -1.30572E-02     1.253E-06   1.69    -9.597E-05   7.12
   9     10.314     2.71201E-03     6.914E-08   0.09     2.550E-05   1.89
  10      9.214    -6.93385E-03     5.663E-07   0.77    -8.168E-05   6.06
  11      8.139    -3.02590E-03     1.382E-07   0.19    -4.568E-05   3.39
  12      7.221     5.77077E-03     6.387E-07   0.86     1.107E-04   8.22
  13      6.408     7.20198E-04     1.263E-08   0.02     1.754E-05   1.30
  14      5.728     2.03192E-03     1.258E-07   0.17     6.192E-05   4.60
  15      5.160     1.85786E-03     1.296E-07   0.18     6.976E-05   5.18
  16      4.682     1.89945E-04     1.646E-09   0.00     8.664E-06   0.64
  17      4.270     1.34532E-03     9.927E-08   0.13     7.379E-05   5.48
  18      3.918     4.65635E-05     1.412E-10   0.00     3.033E-06   0.23
  19      3.615    -4.38083E-05     1.469E-10   0.00    -3.353E-06   0.25
  20      3.327     2.63667E-04     6.281E-09   0.01     2.382E-05   1.77
  21      3.094    -9.72078E-05     9.872E-10   0.00    -1.016E-05   0.75
  22      2.933     2.16432E-04     5.446E-09   0.01     2.516E-05   1.87
  23      2.746    -1.10161E-04     1.609E-09   0.00    -1.461E-05   1.08
  24      2.474     4.39796E-05     3.159E-10   0.00     7.184E-06   0.53
  25      2.201     2.95672E-05     1.805E-10   0.00     6.105E-06   0.45
  26      1.920     2.12379E-05     1.223E-10   0.00     5.761E-06   0.43
  27      1.596    -4.16979E-06     6.824E-12   0.00    -1.636E-06   0.12
  28      1.250     4.62315E-05     1.368E-09   0.00     2.960E-05   2.20
  29      0.923     2.48058E-05     7.220E-10   0.00     2.911E-05   2.16
  30      0.652    -1.56286E-05     5.750E-10   0.00    -3.679E-05   2.73
  31      0.428    -3.37749E-07     6.215E-13   0.00    -1.840E-06   0.14
  32      0.230    -1.63304E-06     5.045E-11   0.00    -3.089E-05   2.29
0                         totals:   7.402E-05            1.347E-03
0perturbation energy = fhat(k)**2/c(k)**2
 forcing  efficiency = fhat(k)   /c(k)**2
0(phase speeds  c  in meters per second, spectral truncation  n =  32)
 input--function            gate  z  (phase three mean)                                 
 input--      50.0      0.00 (assumed)                                                  
 input--      92.6     -0.51                                                            
 input--     111.3     -0.30                                                            
 input--     133.6     -0.17                                                            
 input--     159.9      1.10                                                            
 input--     190.8      3.73                                                            
 input--     227.0      4.08                                                            
 input--     268.8      1.96                                                            
 input--     316.7     -3.19                                                            
 input--     370.8     -7.93                                                            
 input--     430.7     -5.57                                                            
 input--     495.7      0.19                                                            
 input--     564.5      1.95                                                            
 input--     635.0      0.82                                                            
 input--     705.2      0.81                                                            
 input--     772.8      2.97                                                            
 input--     836.1      2.35                                                            
 input--     893.8     -3.24                                                            
 input--     945.5     -8.73                                                            
 input--     991.2    -10.23                                                            
 input--    1010.0    -10.36 (mean of disturbed and undisturbed)                        
 input--source:  yanai (personal communication, march 1984)                             
 input-- units:  10**(-11) sec**(-2)                                                    
 input--project                                                                         
0cpu time:   0.000 seconds for projection of function  (n = 32)
 (projection inner product:  chebyshev   with 106 points)
 input--physical                                                                        
1 

0physical space profiles

0basic state:  gate temperature (phase three mean)                         

0function:                                                           gate  
0 

                     basic  state                 values of function

      p         t      gamma      sigma       cubic spline    projection

     50.0    -62.20    88.15    1.012E+01      0.0000E+00    -6.4514E-03
    100.0    -75.52    61.03    1.752E+00     -4.4285E-01    -4.5204E-01
    150.0    -69.03    21.83    2.784E-01      4.3094E-01     3.9754E-01
    200.0    -55.98    10.08    7.232E-02      4.1355E+00     4.1043E+00
    250.0    -43.76     8.64    3.967E-02      3.2106E+00     3.1957E+00
    300.0    -33.33    11.90    3.796E-02     -1.2186E+00    -1.1921E+00
    350.0    -24.85    17.80    4.169E-02     -6.7101E+00    -6.7220E+00
    400.0    -17.88    21.92    3.931E-02     -7.6596E+00    -7.6782E+00
    450.0    -12.10    27.49    3.896E-02     -3.7877E+00    -3.7686E+00
    500.0     -7.32    32.80    3.765E-02      4.6037E-01     4.3907E-01
    550.0     -3.29    34.95    3.316E-02      1.9538E+00     1.9593E+00
    600.0      0.39    35.39    2.821E-02      1.4790E+00     1.4786E+00
    650.0      3.98    32.18    2.186E-02      6.1226E-01     6.0856E-01
    700.0      7.54    31.89    1.868E-02      7.0663E-01     7.1793E-01
    750.0     10.78    36.47    1.861E-02      2.2588E+00     2.2534E+00
    800.0     13.54    40.90    1.834E-02      3.3299E+00     3.3317E+00
    850.0     15.96    42.80    1.700E-02      1.3803E+00     1.3873E+00
    900.0     18.42    36.05    1.277E-02     -3.9927E+00    -3.9917E+00
    950.0     21.28    24.60    7.824E-03     -9.0199E+00    -9.0181E+00
   1000.0     24.60    16.35    4.692E-03     -1.0319E+01    -1.0319E+01
   1010.0     25.30    13.07    3.676E-03     -1.0360E+01    -1.0357E+01
0                                      rms projection error:  1.4974E-02
                                       max projection error:  3.3406E-02
0(t  in celsius,  gamma  in kelvin, spectral truncation  n =  32)
 input--spectral                                                                        
1 

0spectral space profiles

0basic state:  gate temperature (phase three mean)                         

0function:                                                           gate  

0                                 perturbation energy  forcing  efficiency
   k      c(k)        fhat(k)         value   percent      value   percent

   0    296.172     1.00203E+00     1.004E+00   5.62     1.002E+00   7.17
   1     75.802     4.51051E-01     2.034E-01   1.14     4.511E-01   3.23
   2     47.019    -4.78052E-01     2.285E-01   1.28    -4.781E-01   3.42
   3     30.555    -9.79044E-02     9.585E-03   0.05    -9.790E-02   0.70
   4     22.921     1.16612E-01     1.360E-02   0.08     1.166E-01   0.83
   5     18.879    -8.98576E-01     8.074E-01   4.52    -8.986E-01   6.43
   6     15.582    -2.29289E+00     5.257E+00  29.43    -2.293E+00  16.41
   7     13.549     2.07565E+00     4.308E+00  24.12     2.076E+00  14.86
   8     11.664    -4.83860E-01     2.341E-01   1.31    -4.839E-01   3.46
   9     10.314     4.45438E-01     1.984E-01   1.11     4.454E-01   3.19
  10      9.214     5.86565E-02     3.441E-03   0.02     5.866E-02   0.42
  11      8.139    -1.49175E+00     2.225E+00  12.46    -1.492E+00  10.68
  12      7.221     1.48632E+00     2.209E+00  12.37     1.486E+00  10.64
  13      6.408    -6.33537E-01     4.014E-01   2.25    -6.335E-01   4.54
  14      5.728     6.05673E-01     3.668E-01   2.05     6.057E-01   4.34
  15      5.160     4.97616E-01     2.476E-01   1.39     4.976E-01   3.56
  16      4.682     3.08760E-01     9.533E-02   0.53     3.088E-01   2.21
  17      4.270     1.54798E-01     2.396E-02   0.13     1.548E-01   1.11
  18      3.918     1.10513E-01     1.221E-02   0.07     1.105E-01   0.79
  19      3.615    -6.38520E-02     4.077E-03   0.02    -6.385E-02   0.46
  20      3.327     5.52874E-02     3.057E-03   0.02     5.529E-02   0.40
  21      3.094    -3.89271E-02     1.515E-03   0.01    -3.893E-02   0.28
  22      2.933     2.23973E-02     5.016E-04   0.00     2.240E-02   0.16
  23      2.746    -2.43218E-02     5.915E-04   0.00    -2.432E-02   0.17
  24      2.474    -8.16996E-03     6.675E-05   0.00    -8.170E-03   0.06
  25      2.201     1.13208E-02     1.282E-04   0.00     1.132E-02   0.08
  26      1.920     1.70199E-02     2.897E-04   0.00     1.702E-02   0.12
  27      1.596    -1.93156E-02     3.731E-04   0.00    -1.932E-02   0.14
  28      1.250     1.12667E-02     1.269E-04   0.00     1.127E-02   0.08
  29      0.923    -3.54103E-03     1.254E-05   0.00    -3.541E-03   0.03
  30      0.652     2.54915E-03     6.498E-06   0.00     2.549E-03   0.02
  31      0.428     2.19135E-03     4.802E-06   0.00     2.191E-03   0.02
  32      0.230    -7.60047E-05     5.777E-09   0.00    -7.600E-05   0.00
0                         totals:   1.786E+01            1.397E+01
0perturbation energy = fhat(k)**2 
 forcing  efficiency = fhat(k)    
0(phase speeds  c  in meters per second, spectral truncation  n =  32)
 input--function            gate  q1  (phase three disturbed)                           
 input--      50.0      0.00 (assumed)                                                  
 input--      92.6      0.09                                                            
 input--     111.3     -0.01                                                            
 input--     133.6     -0.43                                                            
 input--     159.9     -0.71                                                            
 input--     190.8     -0.28                                                            
 input--     227.0      0.91                                                            
 input--     268.8      2.59                                                            
 input--     316.7      4.52                                                            
 input--     370.8      5.44                                                            
 input--     430.7      5.31                                                            
 input--     495.7      5.41                                                            
 input--     564.5      6.06                                                            
 input--     635.0      5.79                                                            
 input--     705.2      5.15                                                            
 input--     772.8      4.88                                                            
 input--     836.1      4.43                                                            
 input--     893.8      3.35                                                            
 input--     945.5      1.57                                                            
 input--     991.2      0.05                                                            
 input--    1010.0      0.00 (assumed)                                                  
 input--source:  yanai (personal communication, march 1984)                             
 input-- units:  kj/kg/day -- same as  deg/day                                          
 input--integrate      kappa                                                            
0********** function values multiplied by 2.85900E-01 **********
0cpu time:   0.000 seconds for projection of integral  (n = 32)
 (projection inner product:  chebyshev   with 106 points)
 input--physical           2                                                            
1 

0physical space profiles

0basic state:  gate temperature (phase three mean)                         

0function:                                                           gate  
               (integrated with respect to  -log(p) )
0 

                     basic  state               -d/dlogp of function

      p         t      gamma      sigma       cubic spline    projection

     50.0    -62.20    88.15    1.012E+01      0.0000E+00     0.0000E+00
    100.0    -75.52    61.03    1.752E+00      8.3762E-02     7.7099E-02
    150.0    -69.03    21.83    2.784E-01     -6.6961E-01    -6.6956E-01
    200.0    -55.98    10.08    7.232E-02     -1.6837E-02    -2.3554E-02
    250.0    -43.76     8.64    3.967E-02      1.8075E+00     1.8145E+00
    300.0    -33.33    11.90    3.796E-02      3.9025E+00     3.9044E+00
    350.0    -24.85    17.80    4.169E-02      5.2767E+00     5.2625E+00
    400.0    -17.88    21.92    3.931E-02      5.4331E+00     5.4405E+00
    450.0    -12.10    27.49    3.896E-02      5.2549E+00     5.2576E+00
    500.0     -7.32    32.80    3.765E-02      5.4895E+00     5.4804E+00
    550.0     -3.29    34.95    3.316E-02      5.9143E+00     5.9234E+00
    600.0      0.39    35.39    2.821E-02      6.0576E+00     6.0546E+00
    650.0      3.98    32.18    2.186E-02      5.6394E+00     5.6475E+00
    700.0      7.54    31.89    1.868E-02      5.2001E+00     5.2011E+00
    750.0     10.78    36.47    1.861E-02      4.9435E+00     4.9412E+00
    800.0     13.54    40.90    1.834E-02      4.7491E+00     4.7548E+00
    850.0     15.96    42.80    1.700E-02      4.2517E+00     4.2485E+00
    900.0     18.42    36.05    1.277E-02      3.1744E+00     3.1664E+00
    950.0     21.28    24.60    7.824E-03      1.3517E+00     1.3483E+00
   1000.0     24.60    16.35    4.692E-03     -4.3430E-02    -2.9726E-02
   1010.0     25.30    13.07    3.676E-03      1.1969E-17     1.2808E-06
0                                      rms projection error:  6.7596E-03
                                       max projection error:  1.4257E-02
0(t  in celsius,  gamma  in kelvin, spectral truncation  n =  32)
 input--spectral                                                                        
1 

0spectral space profiles

0basic state:  gate temperature (phase three mean)                         

0function:                                                           gate  
               (integrated with respect to  -log(p) )

0                                 perturbation energy  forcing  efficiency
   k      c(k)        fhat(k)         value   percent      value   percent

   0    296.172    -9.47703E-01     1.024E-05   5.57    -1.080E-05   0.53
   1     75.802     3.76055E-01     2.461E-05  13.39     6.545E-05   3.21
   2     47.019    -5.13760E-01     1.194E-04  64.97    -2.324E-04  11.40
   3     30.555     1.15703E-01     1.434E-05   7.80     1.239E-04   6.08
   4     22.921    -1.81538E-02     6.273E-07   0.34    -3.456E-05   1.69
   5     18.879     9.21868E-03     2.384E-07   0.13     2.586E-05   1.27
   6     15.582    -2.34376E-02     2.262E-06   1.23    -9.653E-05   4.73
   7     13.549     3.69097E-02     7.421E-06   4.04     2.011E-04   9.86
   8     11.664    -1.25708E-02     1.161E-06   0.63    -9.239E-05   4.53
   9     10.314     9.76619E-03     8.966E-07   0.49     9.181E-05   4.50
  10      9.214    -9.57326E-03     1.080E-06   0.59    -1.128E-04   5.53
  11      8.139    -4.93735E-03     3.680E-07   0.20    -7.454E-05   3.66
  12      7.221     4.93348E-03     4.668E-07   0.25     9.463E-05   4.64
  13      6.408     9.67469E-04     2.279E-08   0.01     2.356E-05   1.16
  14      5.728     3.31582E-03     3.350E-07   0.18     1.010E-04   4.96
  15      5.160     1.52309E-03     8.711E-08   0.05     5.719E-05   2.80
  16      4.682     3.52381E-04     5.664E-09   0.00     1.607E-05   0.79
  17      4.270     1.70097E-03     1.587E-07   0.09     9.329E-05   4.58
  18      3.918    -8.84250E-05     5.094E-10   0.00    -5.761E-06   0.28
  19      3.615     6.08427E-05     2.833E-10   0.00     4.657E-06   0.23
  20      3.327     3.09011E-04     8.627E-09   0.00     2.792E-05   1.37
  21      3.094    -5.09595E-05     2.713E-10   0.00    -5.324E-06   0.26
  22      2.933     1.80071E-04     3.770E-09   0.00     2.094E-05   1.03
  23      2.746    -9.11342E-05     1.101E-09   0.00    -1.209E-05   0.59
  24      2.474    -4.08433E-05     2.725E-10   0.00    -6.671E-06   0.33
  25      2.201     1.37587E-04     3.909E-09   0.00     2.841E-05   1.39
  26      1.920     1.30913E-04     4.649E-09   0.00     3.551E-05   1.74
  27      1.596    -1.02172E-04     4.097E-09   0.00    -4.010E-05   1.97
  28      1.250     1.15486E-04     8.539E-09   0.00     7.394E-05   3.63
  29      0.923     6.08969E-05     4.351E-09   0.00     7.145E-05   3.50
  30      0.652    -3.08142E-05     2.235E-09   0.00    -7.254E-05   3.56
  31      0.428    -7.46643E-06     3.037E-10   0.00    -4.068E-05   1.99
  32      0.230    -2.39452E-06     1.085E-10   0.00    -4.530E-05   2.22
0                         totals:   1.838E-04            2.039E-03
0perturbation energy = fhat(k)**2/c(k)**2
 forcing  efficiency = fhat(k)   /c(k)**2
0(phase speeds  c  in meters per second, spectral truncation  n =  32)
 input--function            gate  z  (phase three disturbed)                            
 input--      50.0      0.00 (assumed)                                                  
 input--      92.6     -1.70                                                            
 input--     111.3     -3.56                                                            
 input--     133.6     -0.92                                                            
 input--     159.9      6.24                                                            
 input--     190.8     10.77                                                            
 input--     227.0     11.13                                                            
 input--     268.8      4.27                                                            
 input--     316.7     -8.31                                                            
 input--     370.8    -15.40                                                            
 input--     430.7    -10.02                                                            
 input--     495.7     -3.08                                                            
 input--     564.5     -1.81                                                            
 input--     635.0     -1.27                                                            
 input--     705.2      0.30                                                            
 input--     772.8      4.82                                                            
 input--     836.1      3.95                                                            
 input--     893.8     -1.69                                                            
 input--     945.5     -8.40                                                            
 input--     991.2    -11.84                                                            
 input--    1010.0    -12.20 (extrapolated)                                             
 input--source:  yanai (personal communication, march 1984)                             
 input-- units:  10**(-11) sec**(-2)                                                    
 input--project                                                                         
0cpu time:   0.000 seconds for projection of function  (n = 32)
 (projection inner product:  chebyshev   with 106 points)
 input--physical                                                                        
1 

0physical space profiles

0basic state:  gate temperature (phase three mean)                         

0function:                                                           gate  
0 

                     basic  state                 values of function

      p         t      gamma      sigma       cubic spline    projection

     50.0    -62.20    88.15    1.012E+01      0.0000E+00    -1.4171E-03
    100.0    -75.52    61.03    1.752E+00     -2.6117E+00    -2.6173E+00
    150.0    -69.03    21.83    2.784E-01      3.5780E+00     3.6061E+00
    200.0    -55.98    10.08    7.232E-02      1.1345E+01     1.1350E+01
    250.0    -43.76     8.64    3.967E-02      8.2290E+00     8.2707E+00
    300.0    -33.33    11.90    3.796E-02     -4.0393E+00    -4.0223E+00
    350.0    -24.85    17.80    4.169E-02     -1.4143E+01    -1.4189E+01
    400.0    -17.88    21.92    3.931E-02     -1.3869E+01    -1.3865E+01
    450.0    -12.10    27.49    3.896E-02     -7.5047E+00    -7.4874E+00
    500.0     -7.32    32.80    3.765E-02     -2.8375E+00    -2.8650E+00
    550.0     -3.29    34.95    3.316E-02     -1.8307E+00    -1.8177E+00
    600.0      0.39    35.39    2.821E-02     -1.5886E+00    -1.5980E+00
    650.0      3.98    32.18    2.186E-02     -1.1493E+00    -1.1453E+00
    700.0      7.54    31.89    1.868E-02      3.2325E-02     4.4820E-02
    750.0     10.78    36.47    1.861E-02      3.4976E+00     3.4939E+00
    800.0     13.54    40.90    1.834E-02      5.2554E+00     5.2637E+00
    850.0     15.96    42.80    1.700E-02      2.9472E+00     2.9527E+00
    900.0     18.42    36.05    1.277E-02     -2.4968E+00    -2.4998E+00
    950.0     21.28    24.60    7.824E-03     -8.8862E+00    -8.8872E+00
   1000.0     24.60    16.35    4.692E-03     -1.2097E+01    -1.2097E+01
   1010.0     25.30    13.07    3.676E-03     -1.2200E+01    -1.2196E+01
0                                      rms projection error:  1.7783E-02
                                       max projection error:  4.5975E-02
0(t  in celsius,  gamma  in kelvin, spectral truncation  n =  32)
 input--spectral                                                                        
1 

0spectral space profiles

0basic state:  gate temperature (phase three mean)                         

0function:                                                           gate  

0                                 perturbation energy  forcing  efficiency
   k      c(k)        fhat(k)         value   percent      value   percent

   0    296.172     1.75816E+00     3.091E+00   6.32     1.758E+00   7.54
   1     75.802     7.21739E-01     5.209E-01   1.07     7.217E-01   3.10
   2     47.019    -5.79251E-01     3.355E-01   0.69    -5.793E-01   2.48
   3     30.555    -7.47497E-01     5.588E-01   1.14    -7.475E-01   3.21
   4     22.921     2.35304E+00     5.537E+00  11.32     2.353E+00  10.09
   5     18.879     1.07975E-01     1.166E-02   0.02     1.080E-01   0.46
   6     15.582    -3.57548E+00     1.278E+01  26.15    -3.575E+00  15.33
   7     13.549     3.35381E+00     1.125E+01  23.01     3.354E+00  14.38
   8     11.664     3.61519E-02     1.307E-03   0.00     3.615E-02   0.16
   9     10.314     1.31745E+00     1.736E+00   3.55     1.317E+00   5.65
  10      9.214     4.61505E-01     2.130E-01   0.44     4.615E-01   1.98
  11      8.139    -2.80171E+00     7.850E+00  16.06    -2.802E+00  12.02
  12      7.221     1.78990E+00     3.204E+00   6.55     1.790E+00   7.68
  13      6.408    -3.11523E-01     9.705E-02   0.20    -3.115E-01   1.34
  14      5.728     8.88055E-01     7.886E-01   1.61     8.881E-01   3.81
  15      5.160     7.68454E-01     5.905E-01   1.21     7.685E-01   3.30
  16      4.682     2.43378E-01     5.923E-02   0.12     2.434E-01   1.04
  17      4.270     3.26376E-01     1.065E-01   0.22     3.264E-01   1.40
  18      3.918     1.03438E-01     1.070E-02   0.02     1.034E-01   0.44
  19      3.615    -1.35324E-01     1.831E-02   0.04    -1.353E-01   0.58
  20      3.327     1.87090E-01     3.500E-02   0.07     1.871E-01   0.80
  21      3.094    -1.29640E-01     1.681E-02   0.03    -1.296E-01   0.56
  22      2.933     1.94822E-01     3.796E-02   0.08     1.948E-01   0.84
  23      2.746    -1.48631E-01     2.209E-02   0.05    -1.486E-01   0.64
  24      2.474     1.00386E-01     1.008E-02   0.02     1.004E-01   0.43
  25      2.201    -5.77574E-02     3.336E-03   0.01    -5.776E-02   0.25
  26      1.920    -5.26184E-02     2.769E-03   0.01    -5.262E-02   0.23
  27      1.596     3.57005E-02     1.275E-03   0.00     3.570E-02   0.15
  28      1.250    -1.75481E-02     3.079E-04   0.00    -1.755E-02   0.08
  29      0.923    -8.02063E-03     6.433E-05   0.00    -8.021E-03   0.03
  30      0.652     1.00182E-03     1.004E-06   0.00     1.002E-03   0.00
  31      0.428     2.30637E-03     5.319E-06   0.00     2.306E-03   0.01
  32      0.230    -7.52434E-05     5.662E-09   0.00    -7.524E-05   0.00
0                         totals:   4.889E+01            2.332E+01
0perturbation energy = fhat(k)**2 
 forcing  efficiency = fhat(k)    
0(phase speeds  c  in meters per second, spectral truncation  n =  32)
 input--function            gate  q1  (phase three undisturbed)                         
 input--      50.0      0.00 (assumed)                                                  
 input--      92.6      0.11                                                            
 input--     111.3      0.17                                                            
 input--     133.6     -0.09                                                            
 input--     159.9     -0.66                                                            
 input--     190.8     -1.26                                                            
 input--     227.0     -0.97                                                            
 input--     268.8     -0.18                                                            
 input--     316.7      0.77                                                            
 input--     370.8      1.26                                                            
 input--     430.7      1.47                                                            
 input--     495.7      2.19                                                            
 input--     564.5      2.88                                                            
 input--     635.0      2.84                                                            
 input--     705.2      2.66                                                            
 input--     772.8      2.75                                                            
 input--     836.1      2.84                                                            
 input--     893.8      2.28                                                            
 input--     945.5      1.15                                                            
 input--     991.2      0.27                                                            
 input--    1010.0      0.00 (assumed)                                                  
 input--source:  yanai (personal communication, march 1984)                             
 input-- units:  kj/kg/day -- same as  deg/day                                          
 input--integrate      kappa                                                            
0********** function values multiplied by 2.85900E-01 **********
0cpu time:   0.001 seconds for projection of integral  (n = 32)
 (projection inner product:  chebyshev   with 106 points)
 input--physical           2                                                            
1 

0physical space profiles

0basic state:  gate temperature (phase three mean)                         

0function:                                                           gate  
               (integrated with respect to  -log(p) )
0 

                     basic  state               -d/dlogp of function

      p         t      gamma      sigma       cubic spline    projection

     50.0    -62.20    88.15    1.012E+01      0.0000E+00     0.0000E+00
    100.0    -75.52    61.03    1.752E+00      1.6058E-01     1.5059E-01
    150.0    -69.03    21.83    2.784E-01     -4.2584E-01    -4.3747E-01
    200.0    -55.98    10.08    7.232E-02     -1.2487E+00    -1.2623E+00
    250.0    -43.76     8.64    3.967E-02     -5.4818E-01    -5.4922E-01
    300.0    -33.33    11.90    3.796E-02      4.6048E-01     4.6014E-01
    350.0    -24.85    17.80    4.169E-02      1.1566E+00     1.1497E+00
    400.0    -17.88    21.92    3.931E-02      1.3371E+00     1.3413E+00
    450.0    -12.10    27.49    3.896E-02      1.6452E+00     1.6436E+00
    500.0     -7.32    32.80    3.765E-02      2.2442E+00     2.2386E+00
    550.0     -3.29    34.95    3.316E-02      2.7808E+00     2.7847E+00
    600.0      0.39    35.39    2.821E-02      2.9332E+00     2.9284E+00
    650.0      3.98    32.18    2.186E-02      2.7917E+00     2.7997E+00
    700.0      7.54    31.89    1.868E-02      2.6649E+00     2.6629E+00
    750.0     10.78    36.47    1.861E-02      2.6905E+00     2.6895E+00
    800.0     13.54    40.90    1.834E-02      2.8322E+00     2.8378E+00
    850.0     15.96    42.80    1.700E-02      2.7867E+00     2.7812E+00
    900.0     18.42    36.05    1.277E-02      2.1445E+00     2.1378E+00
    950.0     21.28    24.60    7.824E-03      1.0613E+00     1.0532E+00
   1000.0     24.60    16.35    4.692E-03      1.3686E-01     1.5916E-01
   1010.0     25.30    13.07    3.676E-03      0.0000E+00     1.9662E-06
0                                      rms projection error:  7.8512E-03
                                       max projection error:  2.2300E-02
0(t  in celsius,  gamma  in kelvin, spectral truncation  n =  32)
 input--spectral                                                                        
1 

0spectral space profiles

0basic state:  gate temperature (phase three mean)                         

0function:                                                           gate  
               (integrated with respect to  -log(p) )

0                                 perturbation energy  forcing  efficiency
   k      c(k)        fhat(k)         value   percent      value   percent

   0    296.172    -3.91372E-01     1.746E-06   5.10    -4.462E-06   0.40
   1     75.802     8.14919E-02     1.156E-06   3.38     1.418E-05   1.26
   2     47.019    -1.74821E-01     1.382E-05  40.40    -7.908E-05   7.04
   3     30.555     8.07251E-02     6.980E-06  20.40     8.646E-05   7.70
   4     22.921    -5.94105E-02     6.718E-06  19.63    -1.131E-04  10.07
   5     18.879    -8.02634E-03     1.807E-07   0.53    -2.252E-05   2.00
   6     15.582     5.33275E-04     1.171E-09   0.00     2.196E-06   0.20
   7     13.549     1.23640E-02     8.328E-07   2.43     6.735E-05   6.00
   8     11.664    -1.33540E-02     1.311E-06   3.83    -9.815E-05   8.74
   9     10.314    -1.97508E-03     3.667E-08   0.11    -1.857E-05   1.65
  10      9.214    -5.19641E-03     3.181E-07   0.93    -6.121E-05   5.45
  11      8.139    -1.75113E-03     4.630E-08   0.14    -2.644E-05   2.35
  12      7.221     6.34512E-03     7.722E-07   2.26     1.217E-04  10.84
  13      6.408     5.42915E-04     7.178E-09   0.02     1.322E-05   1.18
  14      5.728     1.14756E-03     4.013E-08   0.12     3.497E-05   3.11
  15      5.160     2.05597E-03     1.587E-07   0.46     7.720E-05   6.87
  16      4.682     9.26271E-05     3.914E-10   0.00     4.225E-06   0.38
  17      4.270     1.09390E-03     6.563E-08   0.19     6.000E-05   5.34
  18      3.918     1.47073E-04     1.409E-09   0.00     9.581E-06   0.85
  19      3.615    -1.17712E-04     1.060E-09   0.00    -9.009E-06   0.80
  20      3.327     2.35823E-04     5.025E-09   0.01     2.131E-05   1.90
  21      3.094    -1.32050E-04     1.822E-09   0.01    -1.380E-05   1.23
  22      2.933     2.37988E-04     6.585E-09   0.02     2.767E-05   2.46
  23      2.746    -1.23406E-04     2.020E-09   0.01    -1.637E-05   1.46
  24      2.474     1.02536E-04     1.717E-09   0.01     1.675E-05   1.49
  25      2.201    -4.40916E-05     4.014E-10   0.00    -9.105E-06   0.81
  26      1.920    -5.28721E-05     7.583E-10   0.00    -1.434E-05   1.28
  27      1.596     6.21589E-05     1.516E-09   0.00     2.439E-05   2.17
  28      1.250    -1.38071E-06     1.221E-12   0.00    -8.840E-07   0.08
  29      0.923     1.37629E-07     2.223E-14   0.00     1.615E-07   0.01
  30      0.652    -4.81721E-06     5.462E-11   0.00    -1.134E-05   1.01
  31      0.428     4.43166E-06     1.070E-10   0.00     2.414E-05   2.15
  32      0.230    -1.02056E-06     1.970E-11   0.00    -1.931E-05   1.72
0                         totals:   3.422E-05            1.123E-03
0perturbation energy = fhat(k)**2/c(k)**2
 forcing  efficiency = fhat(k)   /c(k)**2
0(phase speeds  c  in meters per second, spectral truncation  n =  32)
 input--function            gate  z  (phase three undisturbed)                          
 input--      50.0      0.00 (assumed)                                                  
 input--      92.6      0.17                                                            
 input--     111.3      1.57                                                            
 input--     133.6      0.27                                                            
 input--     159.9     -1.86                                                            
 input--     190.8     -0.33                                                            
 input--     227.0      0.03                                                            
 input--     268.8      0.62                                                            
 input--     316.7     -0.24                                                            
 input--     370.8     -3.63                                                            
 input--     430.7     -3.00                                                            
 input--     495.7      2.07                                                            
 input--     564.5      4.11                                                            
 input--     635.0      2.03                                                            
 input--     705.2      1.11                                                            
 input--     772.8      1.91                                                            
 input--     836.1      1.42                                                            
 input--     893.8     -4.13                                                            
 input--     945.5     -8.92                                                            
 input--     991.2     -9.30                                                            
 input--    1010.0     -9.30 (extrapolated)                                             
 input--source:  yanai (personal communication, march 1984)                             
 input-- units:  10**(-11) sec**(-2)                                                    
 input--project                                                                         
0cpu time:   0.000 seconds for projection of function  (n = 32)
 (projection inner product:  chebyshev   with 106 points)
 input--physical                                                                        
1 

0physical space profiles

0basic state:  gate temperature (phase three mean)                         

0function:                                                           gate  
0 

                     basic  state                 values of function

      p         t      gamma      sigma       cubic spline    projection

     50.0    -62.20    88.15    1.012E+01      0.0000E+00    -9.5323E-03
    100.0    -75.52    61.03    1.752E+00      7.9862E-01     7.8687E-01
    150.0    -69.03    21.83    2.784E-01     -1.3758E+00    -1.4437E+00
    200.0    -55.98    10.08    7.232E-02     -1.8105E-02    -6.9780E-02
    250.0    -43.76     8.64    3.967E-02      3.2083E-01     2.7311E-01
    300.0    -33.33    11.90    3.796E-02      4.0161E-01     4.3324E-01
    350.0    -24.85    17.80    4.169E-02     -2.4295E+00    -2.4216E+00
    400.0    -17.88    21.92    3.931E-02     -4.0815E+00    -4.1135E+00
    450.0    -12.10    27.49    3.896E-02     -1.6407E+00    -1.6207E+00
    500.0     -7.32    32.80    3.765E-02      2.3556E+00     2.3381E+00
    550.0     -3.29    34.95    3.316E-02      4.1265E+00     4.1276E+00
    600.0      0.39    35.39    2.821E-02      3.2465E+00     3.2513E+00
    650.0      3.98    32.18    2.186E-02      1.6339E+00     1.6258E+00
    700.0      7.54    31.89    1.868E-02      1.1012E+00     1.1118E+00
    750.0     10.78    36.47    1.861E-02      1.5530E+00     1.5468E+00
    800.0     13.54    40.90    1.834E-02      2.2191E+00     2.2171E+00
    850.0     15.96    42.80    1.700E-02      4.7091E-01     4.7865E-01
    900.0     18.42    36.05    1.277E-02     -4.8512E+00    -4.8479E+00
    950.0     21.28    24.60    7.824E-03     -9.0967E+00    -9.0932E+00
   1000.0     24.60    16.35    4.692E-03     -9.2939E+00    -9.2942E+00
   1010.0     25.30    13.07    3.676E-03     -9.3000E+00    -9.2982E+00
0                                      rms projection error:  2.4803E-02
                                       max projection error:  6.7917E-02
0(t  in celsius,  gamma  in kelvin, spectral truncation  n =  32)
 input--spectral                                                                        
1 

0spectral space profiles

0basic state:  gate temperature (phase three mean)                         

0function:                                                           gate  

0                                 perturbation energy  forcing  efficiency
   k      c(k)        fhat(k)         value   percent      value   percent

   0    296.172     5.66101E-01     3.205E-01   2.57     5.661E-01   4.45
   1     75.802     2.94349E-01     8.664E-02   0.69     2.943E-01   2.31
   2     47.019    -4.19231E-01     1.758E-01   1.41    -4.192E-01   3.29
   3     30.555     2.76592E-01     7.650E-02   0.61     2.766E-01   2.17
   4     22.921    -1.17103E+00     1.371E+00  10.99    -1.171E+00   9.20
   5     18.879    -1.47855E+00     2.186E+00  17.52    -1.479E+00  11.62
   6     15.582    -1.55526E+00     2.419E+00  19.39    -1.555E+00  12.22
   7     13.549     1.33955E+00     1.794E+00  14.38     1.340E+00  10.53
   8     11.664    -7.83582E-01     6.140E-01   4.92    -7.836E-01   6.16
   9     10.314    -5.84887E-02     3.421E-03   0.03    -5.849E-02   0.46
  10      9.214    -1.72230E-01     2.966E-02   0.24    -1.722E-01   1.35
  11      8.139    -7.37158E-01     5.434E-01   4.36    -7.372E-01   5.79
  12      7.221     1.31022E+00     1.717E+00  13.76     1.310E+00  10.30
  13      6.408    -8.15962E-01     6.658E-01   5.34    -8.160E-01   6.41
  14      5.728     4.42905E-01     1.962E-01   1.57     4.429E-01   3.48
  15      5.160     3.40982E-01     1.163E-01   0.93     3.410E-01   2.68
  16      4.682     3.46376E-01     1.200E-01   0.96     3.464E-01   2.72
  17      4.270     5.57192E-02     3.105E-03   0.02     5.572E-02   0.44
  18      3.918     1.13308E-01     1.284E-02   0.10     1.133E-01   0.89
  19      3.615    -2.43992E-02     5.953E-04   0.00    -2.440E-02   0.19
  20      3.327    -2.13201E-02     4.545E-04   0.00    -2.132E-02   0.17
  21      3.094     1.20908E-02     1.462E-04   0.00     1.209E-02   0.10
  22      2.933    -7.56493E-02     5.723E-03   0.05    -7.565E-02   0.59
  23      2.746     4.71678E-02     2.225E-03   0.02     4.717E-02   0.37
  24      2.474    -7.03336E-02     4.947E-03   0.04    -7.033E-02   0.55
  25      2.201     5.15520E-02     2.658E-03   0.02     5.155E-02   0.41
  26      1.920     5.74590E-02     3.302E-03   0.03     5.746E-02   0.45
  27      1.596    -5.12945E-02     2.631E-03   0.02    -5.129E-02   0.40
  28      1.250     2.77688E-02     7.711E-04   0.01     2.777E-02   0.22
  29      0.923    -1.16014E-03     1.346E-06   0.00    -1.160E-03   0.01
  30      0.652     3.60690E-03     1.301E-05   0.00     3.607E-03   0.03
  31      0.428     2.17667E-03     4.738E-06   0.00     2.177E-03   0.02
  32      0.230    -6.45449E-05     4.166E-09   0.00    -6.454E-05   0.00
0                         totals:   1.247E+01            1.272E+01
0perturbation energy = fhat(k)**2 
 forcing  efficiency = fhat(k)    
0(phase speeds  c  in meters per second, spectral truncation  n =  32)
 input--end                                                                             
